     -6.0175750118 a         1     0     1     1     1
     -5.6180346184 a         2     0     1     1     2
     -8.2611321549 a         3     0     1     1     3
      4.4246722344 a         4     0     1     1     4
    -11.9669070780 a         5     0     1     1     5
     -0.8705996758 a         6     0     1     1     6
     -1.1399782775 a         7     0     1     1     7
     16.1914687173 a         8     0     1     1     8
     -2.8352227751 a         9     0     1     1     9
      7.8723066421 a        10     0     1     1    10
     -3.4254090122 a        11     0     1     1    11
      0.5636540084 a        12     0     1     1    12
    -10.3160439455 a        13     0     1     1    13
     -0.4868292649 a        14     0     1     1    14
      8.6689345997 a        15     0     1     1    15
     13.9929169613 a        16     0     2     1     1
     19.7111844810 a        17     0     2     1     2
      3.7713405394 a        18     0     2     1     3
    -13.6733648400 a        19     0     2     1     4
     16.3679101494 a        20     0     2     1     5
     -2.1690334082 a        21     0     2     1     6
     -2.5818607695 a        22     0     2     1     7
    -28.7912459892 a        23     0     2     1     8
      2.9089922107 a        24     0     2     1     9
    -21.0211985767 a        25     0     2     1    10
      8.6981437948 a        26     0     2     1    11
     -2.5975278864 a        27     0     2     1    12
     20.1006461053 a        28     0     2     1    13
      2.7823792848 a        29     0     2     1    14
    -16.7608344367 a        30     0     2     1    15
    -13.4167564325 a        31     0     3     1     1
    -23.9423591242 a        32     0     3     1     2
     11.6260900422 a        33     0     3     1     3
     14.0393741955 a        34     0     3     1     4
     -4.9078968083 a        35     0     3     1     5
      2.5781190870 a        36     0     3     1     6
      5.8526057479 a        37     0     3     1     7
     14.6789038360 a        38     0     3     1     8
      1.1363156563 a        39     0     3     1     9
     15.9577348833 a        40     0     3     1    10
     -5.6835085433 a        41     0     3     1    11
      3.8456486986 a        42     0     3     1    12
    -10.6698095863 a        43     0     3     1    13
     -0.7782738429 a        44     0     3     1    14
     10.4949621113 a        45     0     3     1    15
      4.3576953656 a        46     0     4     1     1
     13.3642056537 a        47     0     4     1     2
     -6.8896815200 a        48     0     4     1     3
     -7.5582686954 a        49     0     4     1     4
      1.0692420539 a        50     0     4     1     5
      5.4030456868 a        51     0     4     1     6
     -4.0322273261 a        52     0     4     1     7
     -3.2429762462 a        53     0     4     1     8
      2.8212531995 a        54     0     4     1     9
     -5.6167940113 a        55     0     4     1    10
      1.4695025519 a        56     0     4     1    11
      0.0865018932 a        57     0     4     1    12
      2.5762079058 a        58     0     4     1    13
      2.0156874883 a        59     0     4     1    14
     -0.4115237096 a        60     0     4     1    15
     -0.4554070838 a        61     0     5     1     1
     -4.3924988478 a        62     0     5     1     2
      0.0887427118 a        63     0     5     1     3
      3.7150917428 a        64     0     5     1     4
     -1.0938283254 a        65     0     5     1     5
     -3.6177473477 a        66     0     5     1     6
      1.3544226142 a        67     0     5     1     7
      0.0099925378 a        68     0     5     1     8
     -3.4295398458 a        69     0     5     1     9
      3.1523749841 a        70     0     5     1    10
     -0.4196780457 a        71     0     5     1    11
     -1.6347713446 a        72     0     5     1    12
     -0.9848765755 a        73     0     5     1    13
     -2.5318587860 a        74     0     5     1    14
     -3.4783327846 a        75     0     5     1    15
      8.4914947521 a        76     0     6     1     1
    -20.0644439625 a        77     0     6     1     2
      4.8310905956 a        78     0     6     1     3
     16.7859770188 a        79     0     6     1     4
     -2.7657900338 a        80     0     6     1     5
     -3.6171182633 a        81     0     6     1     6
     -8.8183204699 a        82     0     6     1     7
     13.4651289878 a        83     0     6     1     8
    -11.6609230976 a        84     0     6     1     9
     15.2185012865 a        85     0     6     1    10
     10.8576697899 a        86     0     6     1    11
    -20.0716992380 a        87     0     6     1    12
    -16.7653732610 a        88     0     6     1    13
     -2.4736071448 a        89     0     6     1    14
     26.0581148539 a        90     0     6     1    15
      2.7774635723 a        91     0     7     1     1
     -2.1122409504 a        92     0     7     1     2
      4.3149295407 a        93     0     7     1     3
      2.4663188185 a        94     0     7     1     4
      1.9768753916 a        95     0     7     1     5
     -4.2952113977 a        96     0     7     1     6
      6.1961774386 a        97     0     7     1     7
     -7.0862000440 a        98     0     7     1     8
     -1.1449347707 a        99     0     7     1     9
     -2.7467140442 a       100     0     7     1    10
      2.6041306679 a       101     0     7     1    11
      4.8068982114 a       102     0     7     1    12
     -1.0994350280 a       103     0     7     1    13
     -9.0479343116 a       104     0     7     1    14
     -1.8627963776 a       105     0     7     1    15
     -2.8839055977 a       106     0     8     1     1
     17.6206755406 a       107     0     8     1     2
    -12.2751286209 a       108     0     8     1     3
    -24.5630299481 a       109     0     8     1     4
      3.9749572945 a       110     0     8     1     5
      9.4873266281 a       111     0     8     1     6
     -3.9190412430 a       112     0     8     1     7
    -10.1118780947 a       113     0     8     1     8
     10.0433110962 a       114     0     8     1     9
     -2.0583733973 a       115     0     8     1    10
    -10.0973513951 a       116     0     8     1    11
      6.8714238877 a       117     0     8     1    12
     13.9040798487 a       118     0     8     1    13
      4.4788611144 a       119     0     8     1    14
    -20.1911554995 a       120     0     8     1    15
     -2.9360268420 a       121     0     9     1     1
     10.8177183236 a       122     0     9     1     2
     -0.5071693425 a       123     0     9     1     3
    -10.7950483450 a       124     0     9     1     4
      4.8390666388 a       125     0     9     1     5
     -1.4300128236 a       126     0     9     1     6
     12.3837075394 a       127     0     9     1     7
    -17.4178459034 a       128     0     9     1     8
      5.5908760632 a       129     0     9     1     9
    -12.9187343515 a       130     0     9     1    10
     -4.4913271405 a       131     0     9     1    11
     16.0910420248 a       132     0     9     1    12
     10.7679064722 a       133     0     9     1    13
     -8.0512247496 a       134     0     9     1    14
    -19.9546543877 a       135     0     9     1    15
     -2.7986412544 a       136     0    10     1     1
     -2.6201091304 a       137     0    10     1     2
      6.5457375443 a       138     0    10     1     3
      7.9813783197 a       139     0    10     1     4
     -1.4403390263 a       140     0    10     1     5
     -5.6418728616 a       141     0    10     1     6
      3.1845478065 a       142     0    10     1     7
      2.5833055606 a       143     0    10     1     8
     -1.6384377727 a       144     0    10     1     9
     -8.8871874425 a       145     0    10     1    10
      4.8827504739 a       146     0    10     1    11
      5.0982651944 a       147     0    10     1    12
     -3.8063440559 a       148     0    10     1    13
      0.5582292122 a       149     0    10     1    14
      5.4895989909 a       150     0    10     1    15
     -2.9998905745 a       151     0    11     1     1
     -4.0582428113 a       152     0    11     1     2
     -7.7351701984 a       153     0    11     1     3
      8.7636845612 a       154     0    11     1     4
     -9.8388034378 a       155     0    11     1     5
     -3.2220732596 a       156     0    11     1     6
     -9.7271225605 a       157     0    11     1     7
     21.0119381862 a       158     0    11     1     8
     -7.9938392933 a       159     0    11     1     9
      8.4561773201 a       160     0    11     1    10
     -7.3537397711 a       161     0    11     1    11
     -8.7970888629 a       162     0    11     1    12
     -8.2234444006 a       163     0    11     1    13
     10.1335847148 a       164     0    11     1    14
      4.1845851973 a       165     0    11     1    15
     -0.4771060175 a       166     0    12     1     1
      0.2439258186 a       167     0    12     1     2
      0.5034847761 a       168     0    12     1     3
     -0.7283128033 a       169     0    12     1     4
     -0.4654022897 a       170     0    12     1     5
     -0.6401183150 a       171     0    12     1     6
     -0.3086979862 a       172     0    12     1     7
     -0.0842303931 a       173     0    12     1     8
      0.1225033053 a       174     0    12     1     9
      0.5636506693 a       175     0    12     1    10
     -0.0832097609 a       176     0    12     1    11
     -0.6714569209 a       177     0    12     1    12
      0.6818793607 a       178     0    12     1    13
      0.2820479502 a       179     0    12     1    14
     -0.3184260206 a       180     0    12     1    15
      2.1173748686 a       181     0    13     1     1
     -1.4810329012 a       182     0    13     1     2
      3.0935390793 a       183     0    13     1     3
     -0.9011582672 a       184     0    13     1     4
      3.0566478351 a       185     0    13     1     5
      7.8295145781 a       186     0    13     1     6
      0.2041307714 a       187     0    13     1     7
     -3.2915038776 a       188     0    13     1     8
      5.1254550971 a       189     0    13     1     9
      0.7999836259 a       190     0    13     1    10
      3.3264134696 a       191     0    13     1    11
     -2.8824241788 a       192     0    13     1    12
      2.1679585626 a       193     0    13     1    13
      1.6581279128 a       194     0    13     1    14
      6.3759440221 a       195     0    13     1    15
     -0.0774827784 b       196     1     1
      0.9213463183 b       197     1     2
      0.6602347268 b       198     1     3
     -0.4247525699 b       199     1     4
      0.5705955336 b       200     1     5
     -0.5101708345 b       201     1     6
     -0.6853440057 b       202     1     7
      0.5818831839 b       203     1     8
     -0.2682036762 b       204     1     9
      0.1685797626 b       205     1    10
     -0.9052237803 b       206     1    11
     -0.6386925738 b       207     1    12
      0.2284678172 b       208     1    13
      0.2275797428 b       209     1    14
      0.8088046200 b       210     1    15
      2.7501327725 a       211     1     1     2     1
      0.6390736441 a       212     1     1     2     2
     -3.5312883074 a       213     1     1     2     3
      2.2808170937 a       214     1     1     2     4
      0.8707869823 a       215     1     1     2     5
     -1.8009292139 a       216     1     1     2     6
      2.4997060120 a       217     1     1     2     7
     -3.7721520486 a       218     1     1     2     8
     -0.5286493722 a       219     1     1     2     9
      1.2958516178 a       220     1     1     2    10
     -0.0820279745 a       221     1     1     2    11
      1.4727571592 a       222     1     1     2    12
     -1.3444356248 a       223     1     1     2    13
      7.0624334464 a       224     1     1     2    14
      0.0432760462 a       225     1     1     2    15
      2.1583461383 a       226     1     2     2     1
      1.7573810764 a       227     1     2     2     2
      0.2990121378 a       228     1     2     2     3
      1.4636852178 a       229     1     2     2     4
      1.3864368169 a       230     1     2     2     5
     -3.6571226359 a       231     1     2     2     6
     -0.4119440606 a       232     1     2     2     7
     -2.4407922297 a       233     1     2     2     8
      0.1864698622 a       234     1     2     2     9
      0.7810353427 a       235     1     2     2    10
      0.3189352557 a       236     1     2     2    11
     -1.9236194536 a       237     1     2     2    12
      1.3519349292 a       238     1     2     2    13
      3.3533228887 a       239     1     2     2    14
      0.0309913390 a       240     1     2     2    15
     -0.7455967437 a       241     1     3     2     1
     -1.8503902251 a       242     1     3     2     2
     -1.4039458842 a       243     1     3     2     3
      0.5036779921 a       244     1     3     2     4
     -1.3798473792 a       245     1     3     2     5
      3.0000455808 a       246     1     3     2     6
      1.0581801387 a       247     1     3     2     7
      2.1060505199 a       248     1     3     2     8
     -0.6555900400 a       249     1     3     2     9
     -2.6969790262 a       250     1     3     2    10
     -1.3342900486 a       251     1     3     2    11
      0.2022164515 a       252     1     3     2    12
     -0.5995902314 a       253     1     3     2    13
     -4.9765546749 a       254     1     3     2    14
     -0.5572728605 a       255     1     3     2    15
      0.1389090289 a       256     1     4     2     1
     -1.9379183481 a       257     1     4     2     2
     -3.8890267797 a       258     1     4     2     3
      0.6313639826 a       259     1     4     2     4
     -2.8642882755 a       260     1     4     2     5
      0.3874280935 a       261     1     4     2     6
      0.7186095119 a       262     1     4     2     7
      0.4712872274 a       263     1     4     2     8
      1.0100901192 a       264     1     4     2     9
     -1.7395916877 a       265     1     4     2    10
     -1.8664864476 a       266     1     4     2    11
      4.0408909116 a       267     1     4     2    12
     -0.9830096413 a       268     1     4     2    13
     -1.1672459180 a       269     1     4     2    14
      0.7139763277 a       270     1     4     2    15
      3.8375137799 a       271     1     5     2     1
      0.2901974621 a       272     1     5     2     2
      0.1751375978 a       273     1     5     2     3
     -1.5295203080 a       274     1     5     2     4
     -0.2929227899 a       275     1     5     2     5
      2.9079001213 a       276     1     5     2     6
      0.8458111139 a       277     1     5     2     7
      0.5410512243 a       278     1     5     2     8
      0.3097833135 a       279     1     5     2     9
      0.6530522960 a       280     1     5     2    10
      2.2529380177 a       281     1     5     2    11
     -3.7489260033 a       282     1     5     2    12
     -0.1017228834 a       283     1     5     2    13
     -3.8276355171 a       284     1     5     2    14
      0.7233595353 a       285     1     5     2    15
      1.0409729539 a       286     1     6     2     1
      0.7629615008 a       287     1     6     2     2
      2.6686492145 a       288     1     6     2     3
      0.9580742069 a       289     1     6     2     4
      1.5192217749 a       290     1     6     2     5
      1.1619898055 a       291     1     6     2     6
     -1.1287154156 a       292     1     6     2     7
     -1.7730429602 a       293     1     6     2     8
     -0.0862014969 a       294     1     6     2     9
     -3.2287382150 a       295     1     6     2    10
      0.8866418977 a       296     1     6     2    11
     -2.8771553306 a       297     1     6     2    12
      3.3046831200 a       298     1     6     2    13
      2.1876284999 a       299     1     6     2    14
      0.1517852303 a       300     1     6     2    15
     -1.5691324844 a       301     1     7     2     1
      0.3272722608 a       302     1     7     2     2
      3.1595288399 a       303     1     7     2     3
     -1.6256400659 a       304     1     7     2     4
      2.2013147093 a       305     1     7     2     5
      0.2268914707 a       306     1     7     2     6
     -0.5309070441 a       307     1     7     2     7
      0.9922888885 a       308     1     7     2     8
      0.2591788913 a       309     1     7     2     9
      2.1604497896 a       310     1     7     2    10
      0.4555994117 a       311     1     7     2    11
     -4.9732629652 a       312     1     7     2    12
      3.6593987435 a       313     1     7     2    13
      3.6455960739 a       314     1     7     2    14
      1.2336582874 a       315     1     7     2    15
      2.1295394878 a       316     1     8     2     1
     -0.8129583299 a       317     1     8     2     2
      2.1258087286 a       318     1     8     2     3
     -0.1283003970 a       319     1     8     2     4
     -0.0845990087 a       320     1     8     2     5
      2.8748823261 a       321     1     8     2     6
     -0.2492924664 a       322     1     8     2     7
     -0.6056349682 a       323     1     8     2     8
     -0.3272914856 a       324     1     8     2     9
     -3.1749877561 a       325     1     8     2    10
     -0.3168833554 a       326     1     8     2    11
      2.4264672427 a       327     1     8     2    12
      1.9430418819 a       328     1     8     2    13
      3.7175486413 a       329     1     8     2    14
      0.7622633906 a       330     1     8     2    15
      0.2396631420 a       331     1     9     2     1
     -0.3387750838 a       332     1     9     2     2
     -0.9001895778 a       333     1     9     2     3
     -0.2544501997 a       334     1     9     2     4
     -0.0345213625 a       335     1     9     2     5
     -3.5242754743 a       336     1     9     2     6
     -0.0827072039 a       337     1     9     2     7
      3.2532106559 a       338     1     9     2     8
      0.0523462633 a       339     1     9     2     9
      1.1584880592 a       340     1     9     2    10
     -1.7384000155 a       341     1     9     2    11
      2.1607471942 a       342     1     9     2    12
      1.2745499775 a       343     1     9     2    13
     -3.7081387362 a       344     1     9     2    14
      0.0160518561 a       345     1     9     2    15
     -2.0356555966 a       346     1    10     2     1
     -0.8540119957 a       347     1    10     2     2
      1.3880952170 a       348     1    10     2     3
     -0.5501736779 a       349     1    10     2     4
     -0.1080563797 a       350     1    10     2     5
     -2.2707181651 a       351     1    10     2     6
     -1.2271248642 a       352     1    10     2     7
      0.7926926796 a       353     1    10     2     8
     -1.1476592837 a       354     1    10     2     9
     -0.9305240627 a       355     1    10     2    10
      0.4742237410 a       356     1    10     2    11
     -1.1695549311 a       357     1    10     2    12
     -0.5726225263 a       358     1    10     2    13
     -1.1619839595 a       359     1    10     2    14
     -0.4106797835 a       360     1    10     2    15
     -0.5577077970 a       361     1    11     2     1
      0.0718517282 a       362     1    11     2     2
     -0.8038634858 a       363     1    11     2     3
      1.4539824747 a       364     1    11     2     4
     -1.5927506335 a       365     1    11     2     5
     -0.1312035261 a       366     1    11     2     6
     -0.0874395898 a       367     1    11     2     7
     -3.0647163927 a       368     1    11     2     8
      0.9660012798 a       369     1    11     2     9
     -0.4834193601 a       370     1    11     2    10
     -0.8844893945 a       371     1    11     2    11
      0.8293836611 a       372     1    11     2    12
      2.1034384317 a       373     1    11     2    13
      8.6954853344 a       374     1    11     2    14
     -0.1726369910 a       375     1    11     2    15
      1.2780059671 a       376     1    12     2     1
      0.3039309513 a       377     1    12     2     2
      1.9534925271 a       378     1    12     2     3
      2.0041931793 a       379     1    12     2     4
     -0.0003153085 a       380     1    12     2     5
     -4.3470900550 a       381     1    12     2     6
     -2.0143259767 a       382     1    12     2     7
     -3.8282372412 a       383     1    12     2     8
     -0.1043102385 a       384     1    12     2     9
     -0.6719333640 a       385     1    12     2    10
     -0.5862582115 a       386     1    12     2    11
     -3.4125183223 a       387     1    12     2    12
     -2.0711250073 a       388     1    12     2    13
      4.6766139539 a       389     1    12     2    14
     -0.7422373940 a       390     1    12     2    15
      0.1588460086 a       391     1    13     2     1
      1.4350333537 a       392     1    13     2     2
     -1.9843989008 a       393     1    13     2     3
      2.3211408734 a       394     1    13     2     4
     -0.2964071364 a       395     1    13     2     5
     -0.6607020219 a       396     1    13     2     6
      0.4970496405 a       397     1    13     2     7
     -2.6152997983 a       398     1    13     2     8
     -0.2182155470 a       399     1    13     2     9
      1.4399329414 a       400     1    13     2    10
     -0.3410413194 a       401     1    13     2    11
     -0.8277955248 a       402     1    13     2    12
     -3.6791330908 a       403     1    13     2    13
      1.0215730017 a       404     1    13     2    14
     -0.4696738514 a       405     1    13     2    15
     -1.8828707425 a       406     1    14     2     1
     -0.2897638594 a       407     1    14     2     2
      0.1609087455 a       408     1    14     2     3
     -2.6017179998 a       409     1    14     2     4
      0.7937607038 a       410     1    14     2     5
     -1.1884553389 a       411     1    14     2     6
      0.6438624059 a       412     1    14     2     7
      0.3586874089 a       413     1    14     2     8
     -0.2837313055 a       414     1    14     2     9
      0.6709407616 a       415     1    14     2    10
      1.4534078082 a       416     1    14     2    11
     -2.9204727739 a       417     1    14     2    12
      0.0646263411 a       418     1    14     2    13
     -0.2507301017 a       419     1    14     2    14
      0.0059343218 a       420     1    14     2    15
     -1.6101842172 a       421     1    15     2     1
     -0.3059797042 a       422     1    15     2     2
     -1.6861104515 a       423     1    15     2     3
      1.7568534719 a       424     1    15     2     4
     -1.8760032329 a       425     1    15     2     5
      1.0961779265 a       426     1    15     2     6
     -0.4183264621 a       427     1    15     2     7
      0.1133533684 a       428     1    15     2     8
      0.7275940451 a       429     1    15     2     9
     -0.3153242647 a       430     1    15     2    10
     -0.9408166589 a       431     1    15     2    11
      6.5352270708 a       432     1    15     2    12
      0.3489030406 a       433     1    15     2    13
     -2.4137748032 a       434     1    15     2    14
      0.3008146371 a       435     1    15     2    15
     -2.0226682303 b       436     2     1
      1.5365765103 b       437     2     2
      1.7475103279 b       438     2     3
      1.0761091185 b       439     2     4
      0.4794897399 b       440     2     5
     -3.7745572938 b       441     2     6
     -1.8400621141 b       442     2     7
     -4.8181950921 b       443     2     8
     -0.1987167638 b       444     2     9
      1.1203140752 b       445     2    10
     -1.7651655798 b       446     2    11
     -6.3122148415 b       447     2    12
      3.1590518468 b       448     2    13
     10.8754048241 b       449     2    14
      0.9749738051 b       450     2    15
      0.0137876999 a       451     2     1     3     1
     -0.2127333438 a       452     2     2     3     1
     -0.1385195578 a       453     2     3     3     1
     -0.0729240226 a       454     2     4     3     1
      0.2006679368 a       455     2     5     3     1
      0.0703799046 a       456     2     6     3     1
     -0.1525774741 a       457     2     7     3     1
     -0.0910936044 a       458     2     8     3     1
     -0.1609372192 a       459     2     9     3     1
      0.0263600738 a       460     2    10     3     1
     -0.1230467481 a       461     2    11     3     1
      0.0673440467 a       462     2    12     3     1
     -0.0330133582 a       463     2    13     3     1
      0.0178171335 a       464     2    14     3     1
      0.1679700490 a       465     2    15     3     1
     -0.1917801729 b       466     3     1
